d:\work\work\rocketmq-windows-client-cpp\release\vc141.pdb
d:\work\work\rocketmq-windows-client-cpp\release\spas_client.obj
d:\work\work\rocketmq-windows-client-cpp\release\sha512.obj
d:\work\work\rocketmq-windows-client-cpp\release\sha256.obj
d:\work\work\rocketmq-windows-client-cpp\release\sha1.obj
d:\work\work\rocketmq-windows-client-cpp\release\param_list.obj
d:\work\work\rocketmq-windows-client-cpp\release\hmac.obj
d:\work\work\rocketmq-windows-client-cpp\release\base64.obj
d:\work\work\rocketmq-windows-client-cpp\release\validators.obj
d:\work\work\rocketmq-windows-client-cpp\release\utilall.obj
d:\work\work\rocketmq-windows-client-cpp\release\url.obj
d:\work\work\rocketmq-windows-client-cpp\release\topicconfig.obj
d:\work\work\rocketmq-windows-client-cpp\release\topaddressing.obj
d:\work\work\rocketmq-windows-client-cpp\release\sync_http_client.obj
d:\work\work\rocketmq-windows-client-cpp\release\pullsysflag.obj
d:\work\work\rocketmq-windows-client-cpp\release\permname.obj
d:\work\work\rocketmq-windows-client-cpp\release\outputstream.obj
d:\work\work\rocketmq-windows-client-cpp\release\mqversion.obj
d:\work\work\rocketmq-windows-client-cpp\release\mqclient.obj
d:\work\work\rocketmq-windows-client-cpp\release\messagesysflag.obj
d:\work\work\rocketmq-windows-client-cpp\release\memoryoutputstream.obj
d:\work\work\rocketmq-windows-client-cpp\release\memoryinputstream.obj
d:\work\work\rocketmq-windows-client-cpp\release\inputstream.obj
d:\work\work\rocketmq-windows-client-cpp\release\datablock.obj
d:\work\work\rocketmq-windows-client-cpp\release\clientrpchook.obj
d:\work\work\rocketmq-windows-client-cpp\release\big_endian.obj
d:\work\work\rocketmq-windows-client-cpp\release\asynccallbackwrap.obj
d:\work\work\rocketmq-windows-client-cpp\release\arg_helper.obj
d:\work\work\rocketmq-windows-client-cpp\release\mqdecoder.obj
d:\work\work\rocketmq-windows-client-cpp\release\logging.obj
d:\work\work\rocketmq-windows-client-cpp\release\csendresult.obj
d:\work\work\rocketmq-windows-client-cpp\release\cpushconsumer.obj
d:\work\work\rocketmq-windows-client-cpp\release\cpullconsumer.obj
d:\work\work\rocketmq-windows-client-cpp\release\cproducer.obj
d:\work\work\rocketmq-windows-client-cpp\release\cmessageext.obj
d:\work\work\rocketmq-windows-client-cpp\release\cmessage.obj
d:\work\work\rocketmq-windows-client-cpp\release\dllmain.obj
d:\work\work\rocketmq-windows-client-cpp\release\subscriptiondata.obj
d:\work\work\rocketmq-windows-client-cpp\release\rebalance.obj
d:\work\work\rocketmq-windows-client-cpp\release\pullresult.obj
d:\work\work\rocketmq-windows-client-cpp\release\pullrequest.obj
d:\work\work\rocketmq-windows-client-cpp\release\pullapiwrapper.obj
d:\work\work\rocketmq-windows-client-cpp\release\offsetstore.obj
d:\work\work\rocketmq-windows-client-cpp\release\defaultmqpushconsumer.obj
d:\work\work\rocketmq-windows-client-cpp\release\defaultmqpullconsumer.obj
d:\work\work\rocketmq-windows-client-cpp\release\consumemessageorderlyservice.obj
d:\work\work\rocketmq-windows-client-cpp\release\consumemessageconcurrentlyservice.obj
d:\work\work\rocketmq-windows-client-cpp\release\virtualenvutil.obj
d:\work\work\rocketmq-windows-client-cpp\release\tcptransport.obj
d:\work\work\rocketmq-windows-client-cpp\release\tcpremotingclient.obj
d:\work\work\rocketmq-windows-client-cpp\release\socketutil.obj
d:\work\work\rocketmq-windows-client-cpp\release\responsefuture.obj
d:\work\work\rocketmq-windows-client-cpp\release\clientremotingprocessor.obj
d:\work\work\rocketmq-windows-client-cpp\release\task_queue.obj
d:\work\work\rocketmq-windows-client-cpp\release\remotingcommand.obj
d:\work\work\rocketmq-windows-client-cpp\release\messagequeue.obj
d:\work\work\rocketmq-windows-client-cpp\release\lockbatchbody.obj
d:\work\work\rocketmq-windows-client-cpp\release\consumerrunninginfo.obj
d:\work\work\rocketmq-windows-client-cpp\release\commandheader.obj
d:\work\work\rocketmq-windows-client-cpp\release\sendresult.obj
d:\work\work\rocketmq-windows-client-cpp\release\defaultmqproducer.obj
d:\work\work\rocketmq-windows-client-cpp\release\mqclientmanager.obj
d:\work\work\rocketmq-windows-client-cpp\release\mqclientfactory.obj
d:\work\work\rocketmq-windows-client-cpp\release\mqclientapiimpl.obj
d:\work\work\rocketmq-windows-client-cpp\release\mqmessagequeue.obj
d:\work\work\rocketmq-windows-client-cpp\release\mqmessageext.obj
d:\work\work\rocketmq-windows-client-cpp\release\mqmessage.obj
d:\work\work\rocketmq-windows-client-cpp\release\rocketmq-client-cpp.dll
d:\work\work\rocketmq-windows-client-cpp\release\rocketmq-client-cpp.pdb
d:\work\work\rocketmq-windows-client-cpp\release\rocketmq-client-cpp.lib
d:\work\work\rocketmq-windows-client-cpp\release\rocketmq-client-cpp.exp
d:\work\work\rocketmq-windows-client-cpp\release\mqtestclient.ipdb
d:\work\work\rocketmq-windows-client-cpp\release\mqtestclient.iobj
d:\work\work\rocketmq-windows-client-cpp\release\mqtestclient.pdb
d:\work\work\rocketmq-windows-client-cpp\release\rocketmq.dff2bed1.tlog\cl.command.1.tlog
d:\work\work\rocketmq-windows-client-cpp\release\rocketmq.dff2bed1.tlog\cl.read.1.tlog
d:\work\work\rocketmq-windows-client-cpp\release\rocketmq.dff2bed1.tlog\cl.write.1.tlog
d:\work\work\rocketmq-windows-client-cpp\release\rocketmq.dff2bed1.tlog\link.command.1.tlog
d:\work\work\rocketmq-windows-client-cpp\release\rocketmq.dff2bed1.tlog\link.read.1.tlog
d:\work\work\rocketmq-windows-client-cpp\release\rocketmq.dff2bed1.tlog\link.write.1.tlog
d:\work\work\rocketmq-windows-client-cpp\release\rocketmq.dff2bed1.tlog\rocketmq-client-cpp.write.1u.tlog
